[debug] [2026-07-16T08:15:59.288Z] ----------------------------------------------------------------------
[debug] [2026-07-16T08:15:59.292Z] Command:       C:\Program Files\nodejs\node.exe C:\Users\tiddo\AppData\Roaming\npm\node_modules\firebase-tools\lib\bin\firebase.js deploy
[debug] [2026-07-16T08:15:59.292Z] CLI Version:   15.23.0
[debug] [2026-07-16T08:15:59.293Z] Platform:      win32
[debug] [2026-07-16T08:15:59.293Z] Node Version:  v24.18.0
[debug] [2026-07-16T08:15:59.293Z] Detected Agent: unknown
[debug] [2026-07-16T08:15:59.293Z] Time:          Thu Jul 16 2026 13:15:59 GMT+0500 (Pakistan Standard Time)
[debug] [2026-07-16T08:15:59.293Z] ----------------------------------------------------------------------
[debug] 
[debug] [2026-07-16T08:16:03.555Z] > command requires scopes: ["email","openid","https://www.googleapis.com/auth/cloudplatformprojects.readonly","https://www.googleapis.com/auth/firebase","https://www.googleapis.com/auth/cloud-platform"]
[debug] [2026-07-16T08:16:03.556Z] > authorizing via signed-in user (tiddojadi@gmail.com)
[debug] [2026-07-16T08:16:03.556Z] [iam] checking project jawad-cash-ledger for permissions ["firebase.projects.get","firebasehosting.sites.update"]
[debug] [2026-07-16T08:16:03.580Z] Checked if tokens are valid: true, expires at: 1784191330949
[debug] [2026-07-16T08:16:03.580Z] Checked if tokens are valid: true, expires at: 1784191330949
[debug] [2026-07-16T08:16:03.582Z] >>> [apiv2][query] POST https://cloudresourcemanager.googleapis.com/v1/projects/jawad-cash-ledger:testIamPermissions [none]
[debug] [2026-07-16T08:16:03.582Z] >>> [apiv2][(partial)header] POST https://cloudresourcemanager.googleapis.com/v1/projects/jawad-cash-ledger:testIamPermissions  x-goog-user-project=jawad-cash-ledger
[debug] [2026-07-16T08:16:03.582Z] >>> [apiv2][body] POST https://cloudresourcemanager.googleapis.com/v1/projects/jawad-cash-ledger:testIamPermissions {"permissions":["firebase.projects.get","firebasehosting.sites.update"]}
[debug] [2026-07-16T08:16:05.902Z] <<< [apiv2][status] POST https://cloudresourcemanager.googleapis.com/v1/projects/jawad-cash-ledger:testIamPermissions 200
[debug] [2026-07-16T08:16:05.902Z] <<< [apiv2][body] POST https://cloudresourcemanager.googleapis.com/v1/projects/jawad-cash-ledger:testIamPermissions {"permissions":["firebase.projects.get","firebasehosting.sites.update"]}
[debug] [2026-07-16T08:16:05.904Z] Checked if tokens are valid: true, expires at: 1784191330949
[debug] [2026-07-16T08:16:05.904Z] Checked if tokens are valid: true, expires at: 1784191330949
[debug] [2026-07-16T08:16:05.904Z] >>> [apiv2][query] GET https://firebase.googleapis.com/v1beta1/projects/jawad-cash-ledger [none]
[debug] [2026-07-16T08:16:10.757Z] <<< [apiv2][status] GET https://firebase.googleapis.com/v1beta1/projects/jawad-cash-ledger 200
[debug] [2026-07-16T08:16:10.758Z] <<< [apiv2][body] GET https://firebase.googleapis.com/v1beta1/projects/jawad-cash-ledger {"projectId":"jawad-cash-ledger","projectNumber":"534837482877","displayName":"jawad-cash-ledger","name":"projects/jawad-cash-ledger","resources":{"hostingSite":"jawad-cash-ledger"},"state":"ACTIVE","labels":{"firebase":"enabled"},"etag":"1_714b0b29-3524-4845-a7cc-1bf37e62b88c"}
[info] 
[info] === Deploying to 'jawad-cash-ledger'...
[info] 
[info] i  deploying hosting 
[debug] [2026-07-16T08:16:10.764Z] Checked if tokens are valid: true, expires at: 1784191330949
[debug] [2026-07-16T08:16:10.764Z] Checked if tokens are valid: true, expires at: 1784191330949
[debug] [2026-07-16T08:16:10.764Z] >>> [apiv2][query] GET https://firebasehosting.googleapis.com/v1beta1/projects/jawad-cash-ledger/sites/jawad-cash-ledger [none]
[debug] [2026-07-16T08:16:18.327Z] <<< [apiv2][status] GET https://firebasehosting.googleapis.com/v1beta1/projects/jawad-cash-ledger/sites/jawad-cash-ledger 200
[debug] [2026-07-16T08:16:18.328Z] <<< [apiv2][body] GET https://firebasehosting.googleapis.com/v1beta1/projects/jawad-cash-ledger/sites/jawad-cash-ledger {"name":"projects/jawad-cash-ledger/sites/jawad-cash-ledger","defaultUrl":"https://jawad-cash-ledger.web.app","type":"DEFAULT_SITE"}
[debug] [2026-07-16T08:16:18.336Z] Checked if tokens are valid: true, expires at: 1784191330949
[debug] [2026-07-16T08:16:18.336Z] Checked if tokens are valid: true, expires at: 1784191330949
[debug] [2026-07-16T08:16:18.338Z] >>> [apiv2][query] POST https://firebasehosting.googleapis.com/v1beta1/projects/-/sites/jawad-cash-ledger/versions [none]
[debug] [2026-07-16T08:16:18.338Z] >>> [apiv2][body] POST https://firebasehosting.googleapis.com/v1beta1/projects/-/sites/jawad-cash-ledger/versions {"status":"CREATED","labels":{"deployment-tool":"cli-firebase"}}
[debug] [2026-07-16T08:16:20.674Z] <<< [apiv2][status] POST https://firebasehosting.googleapis.com/v1beta1/projects/-/sites/jawad-cash-ledger/versions 200
[debug] [2026-07-16T08:16:20.675Z] <<< [apiv2][body] POST https://firebasehosting.googleapis.com/v1beta1/projects/-/sites/jawad-cash-ledger/versions {"name":"projects/534837482877/sites/jawad-cash-ledger/versions/662ef6b64b5ec9b6","status":"CREATED","config":{},"labels":{"deployment-tool":"cli-firebase"}}
[info] i  hosting[jawad-cash-ledger]: beginning deploy... 
[info] i  hosting[jawad-cash-ledger]: found 63 files in . 
[debug] [2026-07-16T08:16:20.726Z] [hosting] uploading with 200 concurrency
[debug] [2026-07-16T08:16:20.768Z] Checked if tokens are valid: true, expires at: 1784191330949
[debug] [2026-07-16T08:16:20.768Z] Checked if tokens are valid: true, expires at: 1784191330949
[debug] [2026-07-16T08:16:20.770Z] [hosting] hash cache [] stored for 63 files
[debug] [2026-07-16T08:16:20.770Z] [hosting][hash queue][FINAL] {"max":33,"min":0,"avg":6.974310440763359,"active":0,"complete":63,"success":63,"errored":0,"retried":0,"total":63,"elapsed":39}
[debug] [2026-07-16T08:16:20.771Z] >>> [apiv2][query] POST https://firebasehosting.googleapis.com/v1beta1/projects/534837482877/sites/jawad-cash-ledger/versions/662ef6b64b5ec9b6:populateFiles [none]
[debug] [2026-07-16T08:16:20.771Z] >>> [apiv2][body] POST https://firebasehosting.googleapis.com/v1beta1/projects/534837482877/sites/jawad-cash-ledger/versions/662ef6b64b5ec9b6:populateFiles {"files":{"/service-worker.js":"bf8ed6cde24086f0e287da2c5b2675b4a1b4a3b8e14c444afdefd31b424f6c0e","/script.js":"6f40ac02365fb7567f1d5f854ed980743a8f6d649b332542bb71caa8ed5c9c3d","/README.md":"452d89e70081b474e33e1e116adb8164e259e1773c4abbf82ba529eb7ef99a44","/manifest.json":"d4ec581b22e9c477d61370b754aff08196d8ccbd6a3e6387d248dbc40ca057bc","/firebase.js":"29390249f9c489bba8775d584e8f59a307a5f2219377b6147c0e00b4cb62a41e","/firebase-config.js":"838270c7c8456642bab39a376eb182f1c81be49cc97fb49f6b88bf6dc43c5a2b","/.git/ORIG_HEAD":"6dacfb3f98fe44324bf6bc08672a6778ede0a1254deaf41f2b193f4305802ce7","/.git/HEAD":"23960fa2316fb1cd093c7920df1e9c864ee8c2d784908f7372cd5da920fc3d48","/.git/description":"82406efccfbaa0195ef86e8c8aa8fc71d38fb93a6aa0fbd00d90629d3bbe2342","/.git/config":"c25f53e3e38224a58bb4576de42421799ef3878a9823f652c0c29886ca4a5797","/.git/refs/remotes/origin/main":"caf10497efbc554ce1ad2bc50227c074ac127af58047144656b09ef6fe63c48b","/.git/objects/f7/f0e3a264e37106ef9668b95718519851ed9a6f":"3fca4cc0d78b86315028ba4fdcb59f6d1b0e85e0689aed17b5c53472ba9c7bc5","/.git/objects/e8/01b5f7e39f695ac63e40e8597adf225768e333":"adb1b5db11e9cb2e03501f852bb83ebc22dc699f122b9d5af8f007c848a78f96","/.git/objects/d1/c70174285547f4ee2299f6be044b3392e2600a":"ae263d74e9201fd6cb0eb1d15400088fcdbbef8267c4e0d0974be44c75c4e766","/.git/objects/cf/2cbf3e6271a85fd7548781bd928f97a271224d":"1d6e2a048552a5882cc96fb0def5df7e9cc342f01ce2f6d0d783e3ff9b1a6792","/.git/objects/c9/bd4946508ba24264733f73562da319a3dd999b":"9a6a3b68675ce3b99191e2f26f1bc06a3f8459a801d34afb5da9df5b02f8256c","/.git/objects/bd/016fd93cfc8b58ce2da616586e8466ea7655e0":"4c5a8395d6650317e4e8b3e10fd28b957b2fa0e741c9749b9d4cf35614b798e1","/.git/objects/b2/b93e2208a8cef46a3e5964eb2ff874f8067c5b":"57274ba01976099617f9004c12b188d59ef1e538f08a9e25d3f0e7dd937f7ca5","/.git/objects/b1/7f6310755422d220e2c975ca4387ab465c95a0":"dadeebebbe18bb682b3e2a246be91e3ff0a1732d4ee8b9b37ce910e5108b9349","/.git/objects/a1/0e78fd7f42b4a4ae04d7d9177d3deaf511dce2":"3f5aec7f2db29e2f4191219b25a7a1138528994c537cf277788d91a0d22b40ba","/.git/objects/8a/733b982251b5474f9105fd3afdfe2fb3c22cda":"69d67f047e1aea0a1a6445997c51ccb43d258152bb8f6454b5719f49f2cb040f","/.git/objects/82/9eda8fdcf133ab2083dbc880b6362b11d0c8ea":"31e710a359907986259a4a426ec018940b6c7e63aa8d211739358203c2752c8b","/.git/objects/7f/a45c68af2a10f56d2b7a60da15db862752045d":"45099e0bd3cf0ea5629053f9e54e55e587f26f22334b1163910fac80652fc76c","/.git/objects/7e/455ffcb48c6ac74ec95351760d867d05cc777a":"fbfda4db27e82ff19cb1553ec1fd34145f498e446badfc55b544bef785784397","/.git/objects/5f/cac2629b583616f7cbc222b83f5abe53b0d532":"ce6e95e7579a4d4c6427f372d3027ebcb50d28526e2a073ecb87428a64384f9e","/.git/objects/55/c13461ac63c8b9120ac938c6488a0dcf858009":"579c64b4bc3308bee28c3becff66dadad61cafa5aa406e94f96511602c0cd28c","/.git/objects/52/640712c3cf912d807fd0cae52b8bc3d005d648":"2412eb53b329304c6cf605c203852f776b8e894104e6906fa3395afe22156b7b","/.git/objects/46/b74e4a6896fc447a2abe67e06d85f95414ac3f":"f7dee9cb97a011ce2943d5f719c60a989f942435c433dde8dce1ff342bfe6b8e","/.git/objects/42/40b09d563a2270c777cae6b7fbf7b80e82cafe":"dd52dcfc3c21ac90cd3a945a2b18d739b98f0249adb6083436dc43d680195f18","/.git/objects/41/ffad652bef2647b977ee204de9762ebf336cf4":"0db89cc01407a724e0949cf757a1b5e08e32dcd33327144503d8b02e0fa3937a","/.git/objects/2c/cf4be1409163b6456351dd8101b9afc03409a5":"07d631733b78d6b00fec0810ed04cb7f090004c815048361da244ea666dfe8b6","/.git/logs/refs/remotes/origin/main":"502b150292b322367edd9622addc677cc5b6c53614f19c77ec86fa494eb0bf50","/.git/info/exclude":"994a83b0bd13a31e35114caf18e8b7fcff4253406797d657aa1d9ea64c7b721d","/.git/hooks/update.sample":"a022fa3ca5c3a9dffa3c09dc035866a2c4e6e935a372724aabba8dd6a5639fee","/.git/hooks/sendemail-validate.sample":"5179ae7bdd72e97e2d9cdbfcec1e72434f42f7f5748665239355f08badcbbee7","/.git/hooks/push-to-checkout.sample":"b686f0c3faae36d5e3110bd8933f861039094c0a996e5c55c3a776a209ca119b","/.git/hooks/prepare-commit-msg.sample":"da47e5ee9571edfcb45598d9e1ed424dc30a87011c99c5d205015bbc8cfe16cc","/.git/hooks/pre-receive.sample":"518430951f2c7182a5fc07191f43236719c64a5244e0ac82131ea92dbe4a2f67","/.git/hooks/pre-rebase.sample":"4c12afd92c797d205ded918d4da7fff21f264e3347ccfe1f718df372100dea0e","/.git/hooks/pre-push.sample":"661c005b1ebf95bb520578d7421bf511e0d91ecac507fc1818ee60c2e3127f64","/.git/hooks/pre-merge-commit.sample":"08d54483ffa10c472d4b5bf54e637a763a905f6909af1491ad4ca8a19241496c","/.git/hooks/pre-commit.sample":"0dc110f82f15687bb7daae0e09828a248ba74bacc4373b6c5e395fa1140853ef","/.git/hooks/pre-applypatch.sample":"efd041617b404639750884bd01917d80c6ec9917e3021e448a1386a237184a36","/.git/hooks/post-update.sample":"4545774e0eba6264d25197fec3cc1520bfd61d16bf6b417b7b1566460ebc28ec","/.git/hooks/fsmonitor-watchman.sample":"7be41ceb43aa45424c8db847f44a7340e790ef8d50a9799d36761a5bae7afae7","/.git/hooks/commit-msg.sample":"2e1e33302155d275a43f4b18dadd9d38ae5f64f416ba028e1e6632a3e0f9e620","/.git/hooks/applypatch-msg.sample":"e989aeea500fde675ea8ee009c4cf25aae7abbf4dd02c15b04cb8c85404dbca3","/.git/index":"61fb70dc82470916995f149c5cba62f577831a32f71f6465c9413adc475c93a8","/.git/refs/heads/main":"d348414ccd825f982132db464993240214b93f599f978b476aa56472f78e3185","/.git/COMMIT_EDITMSG":"b14cdfa8f6aa7e8afb89e24daed34f3c2e7bd31343bd0120cf870c4ca95f2ab7","/.git/objects/df/945eb4a90d23db7af1e798742c595f0fbd04a3":"c8970c7a755c00dc7ba507fcd1324ccf17c8d0880a3edd428af7f1c2027fefca","/.git/objects/d3/533498c04fc7d2c2f190649931cdaac0701902":"9f8808c179e19fd63c1a9178a4766a9a873e458740861ff1674949cda707058c","/style.css":"5c475942fce808bcbbbe8820603e62aeeb5b88e13393b464f9e265614fe3f7ab","/.git/objects/8d/fbaa3d170dccd2bf63542a2dd9ece6ef8963e0":"87dbecc0ca0306d1222e57202920995fce02e0e024533562803a8832495249f5","/.git/objects/a9/80d394f907abad6500a11fe0f3767ce51f7dd5":"d1d9b54f4ac85a538b5870dc39213aa225be96c2065d5d3bd188b1137cbe0288","/.git/objects/39/325eff0265ca4ab847ad653b7c57d76b848b29":"3dc4aaf444f80452d29591ed72ccc2673cfa481f73ca07df334a2d4a5e71646f","/.git/objects/59/9fe55713cc231cfac3692448db7cbf5183cecc":"b7b66323f071a76c52a88886f235acd53e7d0feb969b87559832e0497e559413","/.git/objects/23/ebebfee04440dc0c21b2d6c61c927bc507a569":"08e124be654622c4ef066d34da32b948748e7de4dd40d1366e37e34362d89acb","/.git/objects/19/9c05b284767b52c5c43edf372a61fb16899d03":"28494341f39dd2f8c83265586655b6f14b3100f484edd62fd97385932e57729e","/.git/logs/HEAD":"692f695c2359ffc102473882bec2de1a27d0b5c4990d23eceefcd2825bb51082","/.git/objects/bd/ac66af240c6f5749f9b5df59037b47d8aef3f7":"a645f674f7f7076951924c9be4fd27c2ab86785da2b4e9e574d7e354d4ac3a2f","/index.html":"73dfaf8fa344bcba29bde89e55b27de152aefca806c767147685c889afdfdb38","/.git/logs/refs/heads/main":"692f695c2359ffc102473882bec2de1a27d0b5c4990d23eceefcd2825bb51082"}}
[debug] [2026-07-16T08:16:22.723Z] <<< [apiv2][status] POST https://firebasehosting.googleapis.com/v1beta1/projects/534837482877/sites/jawad-cash-ledger/versions/662ef6b64b5ec9b6:populateFiles 200
[debug] [2026-07-16T08:16:22.723Z] <<< [apiv2][body] POST https://firebasehosting.googleapis.com/v1beta1/projects/534837482877/sites/jawad-cash-ledger/versions/662ef6b64b5ec9b6:populateFiles {"uploadRequiredHashes":["3dc4aaf444f80452d29591ed72ccc2673cfa481f73ca07df334a2d4a5e71646f","9f8808c179e19fd63c1a9178a4766a9a873e458740861ff1674949cda707058c","73dfaf8fa344bcba29bde89e55b27de152aefca806c767147685c889afdfdb38","08e124be654622c4ef066d34da32b948748e7de4dd40d1366e37e34362d89acb","c8970c7a755c00dc7ba507fcd1324ccf17c8d0880a3edd428af7f1c2027fefca","28494341f39dd2f8c83265586655b6f14b3100f484edd62fd97385932e57729e","5c475942fce808bcbbbe8820603e62aeeb5b88e13393b464f9e265614fe3f7ab","d348414ccd825f982132db464993240214b93f599f978b476aa56472f78e3185","a645f674f7f7076951924c9be4fd27c2ab86785da2b4e9e574d7e354d4ac3a2f","61fb70dc82470916995f149c5cba62f577831a32f71f6465c9413adc475c93a8","692f695c2359ffc102473882bec2de1a27d0b5c4990d23eceefcd2825bb51082","87dbecc0ca0306d1222e57202920995fce02e0e024533562803a8832495249f5","b14cdfa8f6aa7e8afb89e24daed34f3c2e7bd31343bd0120cf870c4ca95f2ab7","b7b66323f071a76c52a88886f235acd53e7d0feb969b87559832e0497e559413"],"uploadUrl":"https://upload-firebasehosting.googleapis.com/upload/sites/jawad-cash-ledger/versions/662ef6b64b5ec9b6/files"}
[debug] [2026-07-16T08:16:22.724Z] Checked if tokens are valid: true, expires at: 1784191330949
[debug] [2026-07-16T08:16:22.725Z] Checked if tokens are valid: true, expires at: 1784191330949
[debug] [2026-07-16T08:16:22.725Z] Checked if tokens are valid: true, expires at: 1784191330949
[debug] [2026-07-16T08:16:22.725Z] Checked if tokens are valid: true, expires at: 1784191330949
[debug] [2026-07-16T08:16:22.726Z] Checked if tokens are valid: true, expires at: 1784191330949
[debug] [2026-07-16T08:16:22.726Z] Checked if tokens are valid: true, expires at: 1784191330949
[debug] [2026-07-16T08:16:22.726Z] Checked if tokens are valid: true, expires at: 1784191330949
[debug] [2026-07-16T08:16:22.726Z] Checked if tokens are valid: true, expires at: 1784191330949
[debug] [2026-07-16T08:16:22.726Z] Checked if tokens are valid: true, expires at: 1784191330949
[debug] [2026-07-16T08:16:22.726Z] Checked if tokens are valid: true, expires at: 1784191330949
[debug] [2026-07-16T08:16:22.727Z] Checked if tokens are valid: true, expires at: 1784191330949
[debug] [2026-07-16T08:16:22.727Z] Checked if tokens are valid: true, expires at: 1784191330949
[debug] [2026-07-16T08:16:22.727Z] Checked if tokens are valid: true, expires at: 1784191330949
[debug] [2026-07-16T08:16:22.727Z] Checked if tokens are valid: true, expires at: 1784191330949
[debug] [2026-07-16T08:16:22.727Z] Checked if tokens are valid: true, expires at: 1784191330949
[debug] [2026-07-16T08:16:22.727Z] Checked if tokens are valid: true, expires at: 1784191330949
[debug] [2026-07-16T08:16:22.728Z] Checked if tokens are valid: true, expires at: 1784191330949
[debug] [2026-07-16T08:16:22.728Z] Checked if tokens are valid: true, expires at: 1784191330949
[debug] [2026-07-16T08:16:22.728Z] Checked if tokens are valid: true, expires at: 1784191330949
[debug] [2026-07-16T08:16:22.728Z] Checked if tokens are valid: true, expires at: 1784191330949
[debug] [2026-07-16T08:16:22.728Z] Checked if tokens are valid: true, expires at: 1784191330949
[debug] [2026-07-16T08:16:22.728Z] Checked if tokens are valid: true, expires at: 1784191330949
[debug] [2026-07-16T08:16:22.728Z] Checked if tokens are valid: true, expires at: 1784191330949
[debug] [2026-07-16T08:16:22.728Z] Checked if tokens are valid: true, expires at: 1784191330949
[debug] [2026-07-16T08:16:22.729Z] Checked if tokens are valid: true, expires at: 1784191330949
[debug] [2026-07-16T08:16:22.729Z] Checked if tokens are valid: true, expires at: 1784191330949
[debug] [2026-07-16T08:16:22.729Z] Checked if tokens are valid: true, expires at: 1784191330949
[debug] [2026-07-16T08:16:22.729Z] Checked if tokens are valid: true, expires at: 1784191330949
[debug] [2026-07-16T08:16:22.729Z] >>> [apiv2][query] POST https://upload-firebasehosting.googleapis.com/upload/sites/jawad-cash-ledger/versions/662ef6b64b5ec9b6/files/3dc4aaf444f80452d29591ed72ccc2673cfa481f73ca07df334a2d4a5e71646f [none]
[debug] [2026-07-16T08:16:22.729Z] >>> [apiv2][body] POST https://upload-firebasehosting.googleapis.com/upload/sites/jawad-cash-ledger/versions/662ef6b64b5ec9b6/files/3dc4aaf444f80452d29591ed72ccc2673cfa481f73ca07df334a2d4a5e71646f [stream]
[debug] [2026-07-16T08:16:22.731Z] >>> [apiv2][query] POST https://upload-firebasehosting.googleapis.com/upload/sites/jawad-cash-ledger/versions/662ef6b64b5ec9b6/files/9f8808c179e19fd63c1a9178a4766a9a873e458740861ff1674949cda707058c [none]
[debug] [2026-07-16T08:16:22.731Z] >>> [apiv2][body] POST https://upload-firebasehosting.googleapis.com/upload/sites/jawad-cash-ledger/versions/662ef6b64b5ec9b6/files/9f8808c179e19fd63c1a9178a4766a9a873e458740861ff1674949cda707058c [stream]
[debug] [2026-07-16T08:16:22.732Z] >>> [apiv2][query] POST https://upload-firebasehosting.googleapis.com/upload/sites/jawad-cash-ledger/versions/662ef6b64b5ec9b6/files/73dfaf8fa344bcba29bde89e55b27de152aefca806c767147685c889afdfdb38 [none]
[debug] [2026-07-16T08:16:22.732Z] >>> [apiv2][body] POST https://upload-firebasehosting.googleapis.com/upload/sites/jawad-cash-ledger/versions/662ef6b64b5ec9b6/files/73dfaf8fa344bcba29bde89e55b27de152aefca806c767147685c889afdfdb38 [stream]
[debug] [2026-07-16T08:16:22.733Z] >>> [apiv2][query] POST https://upload-firebasehosting.googleapis.com/upload/sites/jawad-cash-ledger/versions/662ef6b64b5ec9b6/files/08e124be654622c4ef066d34da32b948748e7de4dd40d1366e37e34362d89acb [none]
[debug] [2026-07-16T08:16:22.733Z] >>> [apiv2][body] POST https://upload-firebasehosting.googleapis.com/upload/sites/jawad-cash-ledger/versions/662ef6b64b5ec9b6/files/08e124be654622c4ef066d34da32b948748e7de4dd40d1366e37e34362d89acb [stream]
[debug] [2026-07-16T08:16:22.734Z] >>> [apiv2][query] POST https://upload-firebasehosting.googleapis.com/upload/sites/jawad-cash-ledger/versions/662ef6b64b5ec9b6/files/c8970c7a755c00dc7ba507fcd1324ccf17c8d0880a3edd428af7f1c2027fefca [none]
[debug] [2026-07-16T08:16:22.734Z] >>> [apiv2][body] POST https://upload-firebasehosting.googleapis.com/upload/sites/jawad-cash-ledger/versions/662ef6b64b5ec9b6/files/c8970c7a755c00dc7ba507fcd1324ccf17c8d0880a3edd428af7f1c2027fefca [stream]
[debug] [2026-07-16T08:16:22.734Z] >>> [apiv2][query] POST https://upload-firebasehosting.googleapis.com/upload/sites/jawad-cash-ledger/versions/662ef6b64b5ec9b6/files/28494341f39dd2f8c83265586655b6f14b3100f484edd62fd97385932e57729e [none]
[debug] [2026-07-16T08:16:22.735Z] >>> [apiv2][body] POST https://upload-firebasehosting.googleapis.com/upload/sites/jawad-cash-ledger/versions/662ef6b64b5ec9b6/files/28494341f39dd2f8c83265586655b6f14b3100f484edd62fd97385932e57729e [stream]
[debug] [2026-07-16T08:16:22.735Z] >>> [apiv2][query] POST https://upload-firebasehosting.googleapis.com/upload/sites/jawad-cash-ledger/versions/662ef6b64b5ec9b6/files/5c475942fce808bcbbbe8820603e62aeeb5b88e13393b464f9e265614fe3f7ab [none]
[debug] [2026-07-16T08:16:22.735Z] >>> [apiv2][body] POST https://upload-firebasehosting.googleapis.com/upload/sites/jawad-cash-ledger/versions/662ef6b64b5ec9b6/files/5c475942fce808bcbbbe8820603e62aeeb5b88e13393b464f9e265614fe3f7ab [stream]
[debug] [2026-07-16T08:16:22.736Z] >>> [apiv2][query] POST https://upload-firebasehosting.googleapis.com/upload/sites/jawad-cash-ledger/versions/662ef6b64b5ec9b6/files/d348414ccd825f982132db464993240214b93f599f978b476aa56472f78e3185 [none]
[debug] [2026-07-16T08:16:22.736Z] >>> [apiv2][body] POST https://upload-firebasehosting.googleapis.com/upload/sites/jawad-cash-ledger/versions/662ef6b64b5ec9b6/files/d348414ccd825f982132db464993240214b93f599f978b476aa56472f78e3185 [stream]
[debug] [2026-07-16T08:16:22.736Z] >>> [apiv2][query] POST https://upload-firebasehosting.googleapis.com/upload/sites/jawad-cash-ledger/versions/662ef6b64b5ec9b6/files/a645f674f7f7076951924c9be4fd27c2ab86785da2b4e9e574d7e354d4ac3a2f [none]
[debug] [2026-07-16T08:16:22.736Z] >>> [apiv2][body] POST https://upload-firebasehosting.googleapis.com/upload/sites/jawad-cash-ledger/versions/662ef6b64b5ec9b6/files/a645f674f7f7076951924c9be4fd27c2ab86785da2b4e9e574d7e354d4ac3a2f [stream]
[debug] [2026-07-16T08:16:22.737Z] >>> [apiv2][query] POST https://upload-firebasehosting.googleapis.com/upload/sites/jawad-cash-ledger/versions/662ef6b64b5ec9b6/files/61fb70dc82470916995f149c5cba62f577831a32f71f6465c9413adc475c93a8 [none]
[debug] [2026-07-16T08:16:22.737Z] >>> [apiv2][body] POST https://upload-firebasehosting.googleapis.com/upload/sites/jawad-cash-ledger/versions/662ef6b64b5ec9b6/files/61fb70dc82470916995f149c5cba62f577831a32f71f6465c9413adc475c93a8 [stream]
[debug] [2026-07-16T08:16:22.738Z] >>> [apiv2][query] POST https://upload-firebasehosting.googleapis.com/upload/sites/jawad-cash-ledger/versions/662ef6b64b5ec9b6/files/692f695c2359ffc102473882bec2de1a27d0b5c4990d23eceefcd2825bb51082 [none]
[debug] [2026-07-16T08:16:22.738Z] >>> [apiv2][body] POST https://upload-firebasehosting.googleapis.com/upload/sites/jawad-cash-ledger/versions/662ef6b64b5ec9b6/files/692f695c2359ffc102473882bec2de1a27d0b5c4990d23eceefcd2825bb51082 [stream]
[debug] [2026-07-16T08:16:22.739Z] >>> [apiv2][query] POST https://upload-firebasehosting.googleapis.com/upload/sites/jawad-cash-ledger/versions/662ef6b64b5ec9b6/files/87dbecc0ca0306d1222e57202920995fce02e0e024533562803a8832495249f5 [none]
[debug] [2026-07-16T08:16:22.739Z] >>> [apiv2][body] POST https://upload-firebasehosting.googleapis.com/upload/sites/jawad-cash-ledger/versions/662ef6b64b5ec9b6/files/87dbecc0ca0306d1222e57202920995fce02e0e024533562803a8832495249f5 [stream]
[debug] [2026-07-16T08:16:22.739Z] >>> [apiv2][query] POST https://upload-firebasehosting.googleapis.com/upload/sites/jawad-cash-ledger/versions/662ef6b64b5ec9b6/files/b14cdfa8f6aa7e8afb89e24daed34f3c2e7bd31343bd0120cf870c4ca95f2ab7 [none]
[debug] [2026-07-16T08:16:22.739Z] >>> [apiv2][body] POST https://upload-firebasehosting.googleapis.com/upload/sites/jawad-cash-ledger/versions/662ef6b64b5ec9b6/files/b14cdfa8f6aa7e8afb89e24daed34f3c2e7bd31343bd0120cf870c4ca95f2ab7 [stream]
[debug] [2026-07-16T08:16:22.740Z] >>> [apiv2][query] POST https://upload-firebasehosting.googleapis.com/upload/sites/jawad-cash-ledger/versions/662ef6b64b5ec9b6/files/b7b66323f071a76c52a88886f235acd53e7d0feb969b87559832e0497e559413 [none]
[debug] [2026-07-16T08:16:22.740Z] >>> [apiv2][body] POST https://upload-firebasehosting.googleapis.com/upload/sites/jawad-cash-ledger/versions/662ef6b64b5ec9b6/files/b7b66323f071a76c52a88886f235acd53e7d0feb969b87559832e0497e559413 [stream]
[debug] [2026-07-16T08:16:22.756Z] [hosting][populate queue][FINAL] {"max":1962,"min":1962,"avg":1962,"active":0,"complete":1,"success":1,"errored":0,"retried":0,"total":1,"elapsed":1989}
[debug] [2026-07-16T08:16:22.756Z] [hosting] uploads queued: 14
[debug] [2026-07-16T08:16:25.149Z] <<< [apiv2][status] POST https://upload-firebasehosting.googleapis.com/upload/sites/jawad-cash-ledger/versions/662ef6b64b5ec9b6/files/3dc4aaf444f80452d29591ed72ccc2673cfa481f73ca07df334a2d4a5e71646f 200
[debug] [2026-07-16T08:16:25.150Z] <<< [apiv2][body] POST https://upload-firebasehosting.googleapis.com/upload/sites/jawad-cash-ledger/versions/662ef6b64b5ec9b6/files/3dc4aaf444f80452d29591ed72ccc2673cfa481f73ca07df334a2d4a5e71646f [stream]
[debug] [2026-07-16T08:16:25.566Z] <<< [apiv2][status] POST https://upload-firebasehosting.googleapis.com/upload/sites/jawad-cash-ledger/versions/662ef6b64b5ec9b6/files/a645f674f7f7076951924c9be4fd27c2ab86785da2b4e9e574d7e354d4ac3a2f 200
[debug] [2026-07-16T08:16:25.567Z] <<< [apiv2][body] POST https://upload-firebasehosting.googleapis.com/upload/sites/jawad-cash-ledger/versions/662ef6b64b5ec9b6/files/a645f674f7f7076951924c9be4fd27c2ab86785da2b4e9e574d7e354d4ac3a2f [stream]
[debug] [2026-07-16T08:16:25.902Z] <<< [apiv2][status] POST https://upload-firebasehosting.googleapis.com/upload/sites/jawad-cash-ledger/versions/662ef6b64b5ec9b6/files/9f8808c179e19fd63c1a9178a4766a9a873e458740861ff1674949cda707058c 200
[debug] [2026-07-16T08:16:25.902Z] <<< [apiv2][body] POST https://upload-firebasehosting.googleapis.com/upload/sites/jawad-cash-ledger/versions/662ef6b64b5ec9b6/files/9f8808c179e19fd63c1a9178a4766a9a873e458740861ff1674949cda707058c [stream]
[debug] [2026-07-16T08:16:25.943Z] <<< [apiv2][status] POST https://upload-firebasehosting.googleapis.com/upload/sites/jawad-cash-ledger/versions/662ef6b64b5ec9b6/files/28494341f39dd2f8c83265586655b6f14b3100f484edd62fd97385932e57729e 200
[debug] [2026-07-16T08:16:25.943Z] <<< [apiv2][body] POST https://upload-firebasehosting.googleapis.com/upload/sites/jawad-cash-ledger/versions/662ef6b64b5ec9b6/files/28494341f39dd2f8c83265586655b6f14b3100f484edd62fd97385932e57729e [stream]
[debug] [2026-07-16T08:16:26.127Z] <<< [apiv2][status] POST https://upload-firebasehosting.googleapis.com/upload/sites/jawad-cash-ledger/versions/662ef6b64b5ec9b6/files/d348414ccd825f982132db464993240214b93f599f978b476aa56472f78e3185 200
[debug] [2026-07-16T08:16:26.127Z] <<< [apiv2][body] POST https://upload-firebasehosting.googleapis.com/upload/sites/jawad-cash-ledger/versions/662ef6b64b5ec9b6/files/d348414ccd825f982132db464993240214b93f599f978b476aa56472f78e3185 [stream]
[debug] [2026-07-16T08:16:26.167Z] <<< [apiv2][status] POST https://upload-firebasehosting.googleapis.com/upload/sites/jawad-cash-ledger/versions/662ef6b64b5ec9b6/files/b7b66323f071a76c52a88886f235acd53e7d0feb969b87559832e0497e559413 200
[debug] [2026-07-16T08:16:26.167Z] <<< [apiv2][body] POST https://upload-firebasehosting.googleapis.com/upload/sites/jawad-cash-ledger/versions/662ef6b64b5ec9b6/files/b7b66323f071a76c52a88886f235acd53e7d0feb969b87559832e0497e559413 [stream]
[debug] [2026-07-16T08:16:26.480Z] <<< [apiv2][status] POST https://upload-firebasehosting.googleapis.com/upload/sites/jawad-cash-ledger/versions/662ef6b64b5ec9b6/files/5c475942fce808bcbbbe8820603e62aeeb5b88e13393b464f9e265614fe3f7ab 200
[debug] [2026-07-16T08:16:26.481Z] <<< [apiv2][body] POST https://upload-firebasehosting.googleapis.com/upload/sites/jawad-cash-ledger/versions/662ef6b64b5ec9b6/files/5c475942fce808bcbbbe8820603e62aeeb5b88e13393b464f9e265614fe3f7ab [stream]
[debug] [2026-07-16T08:16:27.460Z] <<< [apiv2][status] POST https://upload-firebasehosting.googleapis.com/upload/sites/jawad-cash-ledger/versions/662ef6b64b5ec9b6/files/61fb70dc82470916995f149c5cba62f577831a32f71f6465c9413adc475c93a8 200
[debug] [2026-07-16T08:16:27.460Z] <<< [apiv2][body] POST https://upload-firebasehosting.googleapis.com/upload/sites/jawad-cash-ledger/versions/662ef6b64b5ec9b6/files/61fb70dc82470916995f149c5cba62f577831a32f71f6465c9413adc475c93a8 [stream]
[debug] [2026-07-16T08:16:27.509Z] <<< [apiv2][status] POST https://upload-firebasehosting.googleapis.com/upload/sites/jawad-cash-ledger/versions/662ef6b64b5ec9b6/files/692f695c2359ffc102473882bec2de1a27d0b5c4990d23eceefcd2825bb51082 200
[debug] [2026-07-16T08:16:27.509Z] <<< [apiv2][body] POST https://upload-firebasehosting.googleapis.com/upload/sites/jawad-cash-ledger/versions/662ef6b64b5ec9b6/files/692f695c2359ffc102473882bec2de1a27d0b5c4990d23eceefcd2825bb51082 [stream]
[debug] [2026-07-16T08:16:27.612Z] <<< [apiv2][status] POST https://upload-firebasehosting.googleapis.com/upload/sites/jawad-cash-ledger/versions/662ef6b64b5ec9b6/files/c8970c7a755c00dc7ba507fcd1324ccf17c8d0880a3edd428af7f1c2027fefca 200
[debug] [2026-07-16T08:16:27.612Z] <<< [apiv2][body] POST https://upload-firebasehosting.googleapis.com/upload/sites/jawad-cash-ledger/versions/662ef6b64b5ec9b6/files/c8970c7a755c00dc7ba507fcd1324ccf17c8d0880a3edd428af7f1c2027fefca [stream]
[debug] [2026-07-16T08:16:27.821Z] <<< [apiv2][status] POST https://upload-firebasehosting.googleapis.com/upload/sites/jawad-cash-ledger/versions/662ef6b64b5ec9b6/files/73dfaf8fa344bcba29bde89e55b27de152aefca806c767147685c889afdfdb38 200
[debug] [2026-07-16T08:16:27.821Z] <<< [apiv2][body] POST https://upload-firebasehosting.googleapis.com/upload/sites/jawad-cash-ledger/versions/662ef6b64b5ec9b6/files/73dfaf8fa344bcba29bde89e55b27de152aefca806c767147685c889afdfdb38 [stream]
[debug] [2026-07-16T08:16:28.205Z] <<< [apiv2][status] POST https://upload-firebasehosting.googleapis.com/upload/sites/jawad-cash-ledger/versions/662ef6b64b5ec9b6/files/08e124be654622c4ef066d34da32b948748e7de4dd40d1366e37e34362d89acb 200
[debug] [2026-07-16T08:16:28.205Z] <<< [apiv2][body] POST https://upload-firebasehosting.googleapis.com/upload/sites/jawad-cash-ledger/versions/662ef6b64b5ec9b6/files/08e124be654622c4ef066d34da32b948748e7de4dd40d1366e37e34362d89acb [stream]
[debug] [2026-07-16T08:16:30.137Z] <<< [apiv2][status] POST https://upload-firebasehosting.googleapis.com/upload/sites/jawad-cash-ledger/versions/662ef6b64b5ec9b6/files/87dbecc0ca0306d1222e57202920995fce02e0e024533562803a8832495249f5 200
[debug] [2026-07-16T08:16:30.137Z] <<< [apiv2][body] POST https://upload-firebasehosting.googleapis.com/upload/sites/jawad-cash-ledger/versions/662ef6b64b5ec9b6/files/87dbecc0ca0306d1222e57202920995fce02e0e024533562803a8832495249f5 [stream]
[debug] [2026-07-16T08:16:30.704Z] <<< [apiv2][status] POST https://upload-firebasehosting.googleapis.com/upload/sites/jawad-cash-ledger/versions/662ef6b64b5ec9b6/files/b14cdfa8f6aa7e8afb89e24daed34f3c2e7bd31343bd0120cf870c4ca95f2ab7 200
[debug] [2026-07-16T08:16:30.704Z] <<< [apiv2][body] POST https://upload-firebasehosting.googleapis.com/upload/sites/jawad-cash-ledger/versions/662ef6b64b5ec9b6/files/b14cdfa8f6aa7e8afb89e24daed34f3c2e7bd31343bd0120cf870c4ca95f2ab7 [stream]
[debug] [2026-07-16T08:16:30.704Z] [hosting][upload queue][FINAL] {"max":7975,"min":2426,"avg":4472.428571428572,"active":0,"complete":14,"success":14,"errored":0,"retried":0,"total":14,"elapsed":7980}
[info] +  hosting[jawad-cash-ledger]: file upload complete 
[debug] [2026-07-16T08:16:30.706Z] [hosting] deploy completed after 10027ms
[debug] [2026-07-16T08:16:30.707Z] [
  {
    "config": {
      "public": ".",
      "ignore": [
        "firebase.json",
        "**/.*",
        "**/node_modules/**"
      ],
      "site": "jawad-cash-ledger"
    },
    "version": "projects/534837482877/sites/jawad-cash-ledger/versions/662ef6b64b5ec9b6"
  }
]
[info] i  hosting[jawad-cash-ledger]: finalizing version... 
[debug] [2026-07-16T08:16:30.710Z] Checked if tokens are valid: true, expires at: 1784191330949
[debug] [2026-07-16T08:16:30.710Z] Checked if tokens are valid: true, expires at: 1784191330949
[debug] [2026-07-16T08:16:30.710Z] >>> [apiv2][query] PATCH https://firebasehosting.googleapis.com/v1beta1/projects/-/sites/jawad-cash-ledger/versions/662ef6b64b5ec9b6 updateMask=status%2Cconfig
[debug] [2026-07-16T08:16:30.710Z] >>> [apiv2][body] PATCH https://firebasehosting.googleapis.com/v1beta1/projects/-/sites/jawad-cash-ledger/versions/662ef6b64b5ec9b6 {"status":"FINALIZED","config":{}}
[debug] [2026-07-16T08:16:34.145Z] <<< [apiv2][status] PATCH https://firebasehosting.googleapis.com/v1beta1/projects/-/sites/jawad-cash-ledger/versions/662ef6b64b5ec9b6 200
[debug] [2026-07-16T08:16:34.145Z] <<< [apiv2][body] PATCH https://firebasehosting.googleapis.com/v1beta1/projects/-/sites/jawad-cash-ledger/versions/662ef6b64b5ec9b6 {"name":"projects/534837482877/sites/jawad-cash-ledger/versions/662ef6b64b5ec9b6","status":"FINALIZED","config":{},"labels":{"deployment-tool":"cli-firebase"},"createTime":"2026-07-16T08:15:59.429447Z","createUser":{"email":"tiddojadi@gmail.com"},"finalizeTime":"2026-07-16T08:16:14.233794Z","finalizeUser":{"email":"tiddojadi@gmail.com"}}
[debug] [2026-07-16T08:16:34.146Z] [hosting] finalized version for jawad-cash-ledger:[object Object]
[info] +  hosting[jawad-cash-ledger]: version finalized 
[info] i  hosting[jawad-cash-ledger]: releasing new version... 
[debug] [2026-07-16T08:16:34.147Z] Checked if tokens are valid: true, expires at: 1784191330949
[debug] [2026-07-16T08:16:34.147Z] Checked if tokens are valid: true, expires at: 1784191330949
[debug] [2026-07-16T08:16:34.147Z] >>> [apiv2][query] POST https://firebasehosting.googleapis.com/v1beta1/projects/-/sites/jawad-cash-ledger/channels/live/releases versionName=projects%2F534837482877%2Fsites%2Fjawad-cash-ledger%2Fversions%2F662ef6b64b5ec9b6
[debug] [2026-07-16T08:16:34.147Z] >>> [apiv2][body] POST https://firebasehosting.googleapis.com/v1beta1/projects/-/sites/jawad-cash-ledger/channels/live/releases {}
[debug] [2026-07-16T08:16:35.845Z] <<< [apiv2][status] POST https://firebasehosting.googleapis.com/v1beta1/projects/-/sites/jawad-cash-ledger/channels/live/releases 200
[debug] [2026-07-16T08:16:35.845Z] <<< [apiv2][body] POST https://firebasehosting.googleapis.com/v1beta1/projects/-/sites/jawad-cash-ledger/channels/live/releases {"name":"projects/534837482877/sites/jawad-cash-ledger/channels/live/releases/1784189774903000","version":{"name":"projects/534837482877/sites/jawad-cash-ledger/versions/662ef6b64b5ec9b6","status":"FINALIZED","config":{},"labels":{"deployment-tool":"cli-firebase"},"createTime":"2026-07-16T08:15:59.429447Z","createUser":{"email":"tiddojadi@gmail.com","imageUrl":"https://lh3.googleusercontent.com/a/ACg8ocL6KVKHQMqWUMJRweHfU0OZbR2vcbWeaI26MXPkKn7iqIkryPGY"},"finalizeTime":"2026-07-16T08:16:14.233794Z","finalizeUser":{"email":"tiddojadi@gmail.com","imageUrl":"https://lh3.googleusercontent.com/a/ACg8ocL6KVKHQMqWUMJRweHfU0OZbR2vcbWeaI26MXPkKn7iqIkryPGY"}},"type":"DEPLOY","releaseTime":"2026-07-16T08:16:14.903Z","releaseUser":{"email":"tiddojadi@gmail.com","imageUrl":"https://lh3.googleusercontent.com/a/ACg8ocL6KVKHQMqWUMJRweHfU0OZbR2vcbWeaI26MXPkKn7iqIkryPGY"}}
[debug] [2026-07-16T08:16:35.845Z] [hosting] release: {"name":"projects/534837482877/sites/jawad-cash-ledger/channels/live/releases/1784189774903000","version":{"name":"projects/534837482877/sites/jawad-cash-ledger/versions/662ef6b64b5ec9b6","status":"FINALIZED","config":{},"labels":{"deployment-tool":"cli-firebase"},"createTime":"2026-07-16T08:15:59.429447Z","createUser":{"email":"tiddojadi@gmail.com","imageUrl":"https://lh3.googleusercontent.com/a/ACg8ocL6KVKHQMqWUMJRweHfU0OZbR2vcbWeaI26MXPkKn7iqIkryPGY"},"finalizeTime":"2026-07-16T08:16:14.233794Z","finalizeUser":{"email":"tiddojadi@gmail.com","imageUrl":"https://lh3.googleusercontent.com/a/ACg8ocL6KVKHQMqWUMJRweHfU0OZbR2vcbWeaI26MXPkKn7iqIkryPGY"}},"type":"DEPLOY","releaseTime":"2026-07-16T08:16:14.903Z","releaseUser":{"email":"tiddojadi@gmail.com","imageUrl":"https://lh3.googleusercontent.com/a/ACg8ocL6KVKHQMqWUMJRweHfU0OZbR2vcbWeaI26MXPkKn7iqIkryPGY"}}
[info] +  hosting[jawad-cash-ledger]: release complete 
[info] 
[info] +  Deploy complete! 
[info] 
[info] Project Console: https://console.firebase.google.com/project/jawad-cash-ledger/overview
[info] Hosting URL: https://jawad-cash-ledger.web.app
[debug] [2026-07-16T08:16:41.270Z] Error: Timed out.
    at Timeout._onTimeout (C:\Users\tiddo\AppData\Roaming\npm\node_modules\firebase-tools\lib\utils.js:296:49)
    at listOnTimeout (node:internal/timers:605:17)
    at process.processTimers (node:internal/timers:541:7)
[error] 
[error] Error: An unexpected error has occurred.
